[2017-03-31 13:39:42.620] [INFO] console - 
[2017-03-31 13:39:42.624] [INFO] console - [0m[0m
[2017-03-31 13:39:43.603] [INFO] console - [0m  test/app.test.js[0m
[2017-03-31 13:39:43.849] [INFO] console - {"status":-1,"msg":{"type":2,"data":"åˆ›å»ºå¤±è´¥","err":"Validation error"},"result":{}}
[2017-03-31 13:39:43.851] [INFO] console -   [32m  âœ“[0m[90m æ‰‹æœºéªŒè¯åæ³¨å†ŒæˆåŠŸ[0m[31m (239ms)[0m
[2017-03-31 13:39:43.868] [INFO] console - {"status":-1,"msg":{"type":2,"data":"åˆ›å»ºå¤±è´¥","err":"Validation error"},"result":{}}
[2017-03-31 13:39:43.868] [INFO] console -   [32m  âœ“[0m[90m é‚®ç®±æ³¨å†ŒæˆåŠŸè¿˜éœ€éªŒè¯[0m
[2017-03-31 13:39:43.886] [INFO] console - {"status":0,"msg":{"type":1,"data":"ç™»å½•æˆåŠŸ"},"result":{"userid":"fe8eba20089711e78359abd2b5da1aad","picture":null,"title":"mjp","sex":0,"age":18,"phone":"18826252271","integral":5,"grank":"1","grank_integral":1,"email":null,"limit":"0","limit_time":null,"code":"0","is_phone":1,"is_email":0,"openid":null,"abstract":null,"signature":null,"register_way":0,"ext":null,"createdAt":"2017-03-14T09:24:16.000Z","updatedAt":"2017-03-14T09:24:16.000Z","token":"eyJhbGciOiJIUzI1NiIsInR5cCI6IkpXVCJ9.eyJhcHBpZCI6Im5vdGVwbGF5IiwidXNlcmlkIjoiZmU4ZWJhMjAwODk3MTFlNzgzNTlhYmQyYjVkYTFhYWQiLCJwaG9uZSI6IjE4ODI2MjUyMjcxIiwibG9naW50aW1lIjoxNDkwOTM4NzgzODgxLCJleHAiOjg2NDAwMDAwLCJpYXQiOjE0OTA5Mzg3ODN9.2Br-Dy4pxytgHT8icsYj5zdL4-IgTUUoR-NaOeZSEOA"}}
[2017-03-31 13:39:43.886] [INFO] console -   [32m  âœ“[0m[90m ç”µè¯ç™»é™†æˆåŠŸ[0m
[2017-03-31 13:39:43.892] [INFO] console - {"status":2,"msg":{"type":4,"data":"æ‰‹æœºæˆ–å¯†ç é”™è¯¯!"},"result":{}}
[2017-03-31 13:39:43.892] [INFO] console -   [32m  âœ“[0m[90m ç”µè¯ç™»é™†é”™è¯¯[0m
[2017-03-31 13:39:43.899] [INFO] console - {"status":0,"msg":{"type":1,"data":"ç™»å½•æˆåŠŸ"},"result":{"userid":"fe9c9cd0089711e78359abd2b5da1aad","picture":null,"title":"mjp","sex":0,"age":18,"phone":null,"integral":5,"grank":"1","grank_integral":1,"email":"18826252271@163.com","limit":"0","limit_time":null,"code":"0","is_phone":0,"is_email":1,"openid":null,"abstract":null,"signature":null,"register_way":0,"ext":null,"createdAt":"2017-03-14T09:24:16.000Z","updatedAt":"2017-03-14T09:26:47.000Z","token":"eyJhbGciOiJIUzI1NiIsInR5cCI6IkpXVCJ9.eyJhcHBpZCI6Im5vdGVwbGF5IiwidXNlcmlkIjoiZmU5YzljZDAwODk3MTFlNzgzNTlhYmQyYjVkYTFhYWQiLCJlbWFpbCI6IjE4ODI2MjUyMjcxQDE2My5jb20iLCJsb2dpbnRpbWUiOjE0OTA5Mzg3ODM4OTgsImV4cCI6ODY0MDAwMDAsImlhdCI6MTQ5MDkzODc4M30.Q6jpZ1gZeSHeE6ZXmA9HidGzUNM66jWXOTPKnXJ0WLI"}}
[2017-03-31 13:39:43.899] [INFO] console -   [32m  âœ“[0m[90m é‚®ç®±ç™»é™†[0m
[2017-03-31 13:39:43.908] [INFO] console - {"status":0,"msg":{"type":-1,"data":"æ‰‹æœºå·²ç»è¢«ä½¿ç”¨"},"result":{}}
[2017-03-31 13:39:43.908] [INFO] console -   [32m  âœ“[0m[90m ç”µè¯å·²ç»å­˜åœ¨[0m
[2017-03-31 13:39:43.914] [INFO] console - {"status":0,"msg":{"type":1,"data":"æ‰‹æœºå¯ç”¨"},"result":{}}
[2017-03-31 13:39:43.915] [INFO] console -   [32m  âœ“[0m[90m ç”µè¯å¯ä»¥ä½¿ç”¨[0m
[2017-03-31 13:39:43.921] [INFO] console - 1 { userid: 'fe9c9cd0089711e78359abd2b5da1aad',
  email: '18826252271@163.com' }
[2017-03-31 13:39:43.931] [INFO] console - {"status":0,"msg":{"type":1,"data":"éªŒè¯æˆåŠŸ"},"result":{}}
[2017-03-31 13:39:43.931] [INFO] console -   [32m  âœ“[0m[90m éªŒè¯é‚®ç®±[0m
[2017-03-31 13:39:43.937] [INFO] console - {"status":0,"msg":{"type":0,"data":"è·å–æˆåŠŸ"},"result":{"userid":"fe9c9cd0089711e78359abd2b5da1aad","picture":null,"title":"mjp","sex":0,"age":18,"phone":null,"integral":5,"grank":"1","grank_integral":1,"email":"18826252271@163.com","limit":"0","limit_time":null,"code":"0","is_phone":0,"is_email":1,"openid":null,"abstract":null,"signature":null,"register_way":0,"ext":null,"createdAt":"2017-03-14T09:24:16.000Z","updatedAt":"2017-03-14T09:26:47.000Z"}}
[2017-03-31 13:39:43.937] [INFO] console -   [32m  âœ“[0m[90m è¯»å–ç”¨æˆ·è¯¦æƒ…[0m
[2017-03-31 13:39:43.950] [INFO] console - {"status":0,"msg":{"type":1,"data":"æ›´æ–°æˆåŠŸ"},"result":{}}
[2017-03-31 13:39:43.950] [INFO] console -   [32m  âœ“[0m[90m æ›´æ–°ç”¨æˆ·åŸºæœ¬ä¿¡æ¯[0m
[2017-03-31 13:39:43.951] [INFO] console - 
[2017-03-31 13:39:43.951] [INFO] console - 
